<?xml version="1.0" encoding="UTF-8"?>
<coverage generated="1762102600054" clover="3.2.0">
  <project timestamp="1762102600054" name="All files">
    <metrics statements="27" coveredstatements="27" conditionals="14" coveredconditionals="14" methods="4" coveredmethods="4" elements="45" coveredelements="45" complexity="0" loc="27" ncloc="27" packages="2" files="2" classes="2"/>
    <package name="app.(tabs)">
      <metrics statements="3" coveredstatements="3" conditionals="8" coveredconditionals="8" methods="1" coveredmethods="1"/>
      <file name="index.tsx" path="/Users/sherryumlah/Documents/react-native/geoPhoto/app/(tabs)/index.tsx">
        <metrics statements="3" coveredstatements="3" conditionals="8" coveredconditionals="8" methods="1" coveredmethods="1"/>
        <line num="6" count="3" type="stmt"/>
        <line num="8" count="3" type="stmt"/>
        <line num="46" count="1" type="stmt"/>
      </file>
    </package>
    <package name="hooks">
      <metrics statements="24" coveredstatements="24" conditionals="6" coveredconditionals="6" methods="3" coveredmethods="3"/>
      <file name="useLocation.ts" path="/Users/sherryumlah/Documents/react-native/geoPhoto/hooks/useLocation.ts">
        <metrics statements="24" coveredstatements="24" conditionals="6" coveredconditionals="6" methods="3" coveredmethods="3"/>
        <line num="5" count="10" type="stmt"/>
        <line num="6" count="10" type="stmt"/>
        <line num="11" count="10" type="stmt"/>
        <line num="12" count="10" type="stmt"/>
        <line num="14" count="10" type="stmt"/>
        <line num="15" count="5" type="stmt"/>
        <line num="16" count="5" type="stmt"/>
        <line num="17" count="5" type="stmt"/>
        <line num="19" count="5" type="stmt"/>
        <line num="20" count="5" type="cond" truecount="2" falsecount="0"/>
        <line num="21" count="1" type="stmt"/>
        <line num="22" count="1" type="stmt"/>
        <line num="23" count="1" type="stmt"/>
        <line num="26" count="4" type="stmt"/>
        <line num="29" count="2" type="stmt"/>
        <line num="31" count="2" type="stmt"/>
        <line num="32" count="2" type="cond" truecount="2" falsecount="0"/>
        <line num="33" count="1" type="stmt"/>
        <line num="34" count="1" type="stmt"/>
        <line num="37" count="2" type="cond" truecount="2" falsecount="0"/>
        <line num="39" count="5" type="stmt"/>
        <line num="43" count="10" type="stmt"/>
        <line num="44" count="5" type="stmt"/>
        <line num="47" count="10" type="stmt"/>
      </file>
    </package>
  </project>
</coverage>
