{"/Users/sherryumlah/Documents/react-native/geoPhoto/app/(tabs)/index.tsx": {"path":"/Users/sherryumlah/Documents/react-native/geoPhoto/app/(tabs)/index.tsx","statementMap":{"0":{"start":{"line":6,"column":68},"end":{"line":6,"column":81}},"1":{"start":{"line":8,"column":2},"end":{"line":43,"column":4}},"2":{"start":{"line":46,"column":15},"end":{"line":63,"column":2}}},"fnMap":{"0":{"name":"HomeScreen","decl":{"start":{"line":5,"column":24},"end":{"line":5,"column":34}},"loc":{"start":{"line":5,"column":37},"end":{"line":44,"column":1}},"line":5}},"branchMap":{"0":{"loc":{"start":{"line":10,"column":7},"end":{"line":36,"column":7}},"type":"cond-expr","locations":[{"start":{"line":11,"column":8},"end":{"line":14,"column":15}},{"start":{"line":15,"column":10},"end":{"line":36,"column":7}}],"line":10},"1":{"loc":{"start":{"line":15,"column":10},"end":{"line":36,"column":7}},"type":"cond-expr","locations":[{"start":{"line":16,"column":8},"end":{"line":18,"column":15}},{"start":{"line":20,"column":8},"end":{"line":35,"column":15}}],"line":15},"2":{"loc":{"start":{"line":21,"column":11},"end":{"line":28,"column":11}},"type":"binary-expr","locations":[{"start":{"line":21,"column":11},"end":{"line":21,"column":18}},{"start":{"line":22,"column":12},"end":{"line":27,"column":15}}],"line":21},"3":{"loc":{"start":{"line":29,"column":11},"end":{"line":34,"column":11}},"type":"binary-expr","locations":[{"start":{"line":29,"column":11},"end":{"line":29,"column":19}},{"start":{"line":30,"column":12},"end":{"line":33,"column":19}}],"line":29}},"s":{"0":3,"1":3,"2":1},"f":{"0":3},"b":{"0":[1,2],"1":[1,1],"2":[1,1],"3":[1,1]},"_coverageSchema":"1a1c01bbd47fc00a2c39e90264f33305004495a9","hash":"9a3235a36a8e0a6816c9206497a9f7d4e94edbce"}
,"/Users/sherryumlah/Documents/react-native/geoPhoto/hooks/useLocation.ts": {"path":"/Users/sherryumlah/Documents/react-native/geoPhoto/hooks/useLocation.ts","statementMap":{"0":{"start":{"line":5,"column":34},"end":{"line":5,"column":80}},"1":{"start":{"line":6,"column":32},"end":{"line":10,"column":17}},"2":{"start":{"line":11,"column":32},"end":{"line":11,"column":46}},"3":{"start":{"line":12,"column":34},"end":{"line":12,"column":63}},"4":{"start":{"line":14,"column":24},"end":{"line":41,"column":8}},"5":{"start":{"line":15,"column":4},"end":{"line":40,"column":5}},"6":{"start":{"line":16,"column":6},"end":{"line":16,"column":23}},"7":{"start":{"line":17,"column":6},"end":{"line":17,"column":24}},"8":{"start":{"line":19,"column":25},"end":{"line":19,"column":75}},"9":{"start":{"line":20,"column":6},"end":{"line":24,"column":7}},"10":{"start":{"line":21,"column":8},"end":{"line":21,"column":64}},"11":{"start":{"line":22,"column":8},"end":{"line":22,"column":26}},"12":{"start":{"line":23,"column":8},"end":{"line":23,"column":15}},"13":{"start":{"line":26,"column":18},"end":{"line":28,"column":8}},"14":{"start":{"line":29,"column":6},"end":{"line":29,"column":23}},"15":{"start":{"line":31,"column":18},"end":{"line":31,"column":64}},"16":{"start":{"line":32,"column":6},"end":{"line":35,"column":7}},"17":{"start":{"line":33,"column":42},"end":{"line":33,"column":48}},"18":{"start":{"line":34,"column":8},"end":{"line":34,"column":46}},"19":{"start":{"line":37,"column":6},"end":{"line":37,"column":59}},"20":{"start":{"line":39,"column":6},"end":{"line":39,"column":24}},"21":{"start":{"line":43,"column":2},"end":{"line":45,"column":22}},"22":{"start":{"line":44,"column":4},"end":{"line":44,"column":20}},"23":{"start":{"line":47,"column":2},"end":{"line":47,"column":82}}},"fnMap":{"0":{"name":"useLocation","decl":{"start":{"line":4,"column":16},"end":{"line":4,"column":27}},"loc":{"start":{"line":4,"column":30},"end":{"line":48,"column":1}},"line":4},"1":{"name":"(anonymous_1)","decl":{"start":{"line":14,"column":36},"end":{"line":14,"column":37}},"loc":{"start":{"line":14,"column":48},"end":{"line":41,"column":3}},"line":14},"2":{"name":"(anonymous_2)","decl":{"start":{"line":43,"column":12},"end":{"line":43,"column":13}},"loc":{"start":{"line":43,"column":18},"end":{"line":45,"column":3}},"line":43}},"branchMap":{"0":{"loc":{"start":{"line":20,"column":6},"end":{"line":24,"column":7}},"type":"if","locations":[{"start":{"line":20,"column":6},"end":{"line":24,"column":7}},{"start":{},"end":{}}],"line":20},"1":{"loc":{"start":{"line":32,"column":6},"end":{"line":35,"column":7}},"type":"if","locations":[{"start":{"line":32,"column":6},"end":{"line":35,"column":7}},{"start":{},"end":{}}],"line":32},"2":{"loc":{"start":{"line":37,"column":18},"end":{"line":37,"column":57}},"type":"binary-expr","locations":[{"start":{"line":37,"column":18},"end":{"line":37,"column":29}},{"start":{"line":37,"column":33},"end":{"line":37,"column":57}}],"line":37}},"s":{"0":10,"1":10,"2":10,"3":10,"4":10,"5":5,"6":5,"7":5,"8":5,"9":5,"10":1,"11":1,"12":1,"13":4,"14":2,"15":2,"16":2,"17":1,"18":1,"19":2,"20":5,"21":10,"22":5,"23":10},"f":{"0":10,"1":5,"2":5},"b":{"0":[1,4],"1":[1,1],"2":[2,1]},"_coverageSchema":"1a1c01bbd47fc00a2c39e90264f33305004495a9","hash":"911dbbc6d277cd9290f74db46cfa360866bc3507"}
}
