TN:
SF:app/(tabs)/index.tsx
FN:5,HomeScreen
FNF:1
FNH:1
FNDA:3,HomeScreen
DA:6,3
DA:8,3
DA:46,1
LF:3
LH:3
BRDA:10,0,0,1
BRDA:10,0,1,2
BRDA:15,1,0,1
BRDA:15,1,1,1
BRDA:21,2,0,1
BRDA:21,2,1,1
BRDA:29,3,0,1
BRDA:29,3,1,1
BRF:8
BRH:8
end_of_record
TN:
SF:hooks/useLocation.ts
FN:4,useLocation
FN:14,(anonymous_1)
FN:43,(anonymous_2)
FNF:3
FNH:3
FNDA:10,useLocation
FNDA:5,(anonymous_1)
FNDA:5,(anonymous_2)
DA:5,10
DA:6,10
DA:11,10
DA:12,10
DA:14,10
DA:15,5
DA:16,5
DA:17,5
DA:19,5
DA:20,5
DA:21,1
DA:22,1
DA:23,1
DA:26,4
DA:29,2
DA:31,2
DA:32,2
DA:33,1
DA:34,1
DA:37,2
DA:39,5
DA:43,10
DA:44,5
DA:47,10
LF:24
LH:24
BRDA:20,0,0,1
BRDA:20,0,1,4
BRDA:32,1,0,1
BRDA:32,1,1,1
BRDA:37,2,0,2
BRDA:37,2,1,1
BRF:6
BRH:6
end_of_record
